2021-06-03 12:31:02 INFO  Assignment No=6, Scenario-1:21 - The launchBrowser() method has started
2021-06-03 12:31:02 INFO  Assignment No=6, Scenario-1:22 - Getting default user directory path
2021-06-03 12:31:04 INFO  Assignment No=6, Scenario-1:26 - Chrome browser has launched successfully!!!!
2021-06-03 12:31:04 INFO  Assignment No=6, Scenario-1:28 - Chrome browser is maximized
2021-06-03 12:31:04 INFO  Assignment No=6, Scenario-1:29 - The launchBrowser() method has ended
2021-06-03 12:31:04 INFO  Assignment No=6, Scenario-1:30 - ------------------------------------------
2021-06-03 12:31:04 INFO  Assignment No=6, Scenario-1:41 - The navigate() method has started
2021-06-03 12:31:04 INFO  Assignment No=6, Scenario-1:42 - Navigating the URL--> 'http://localhost:81/login.do'
2021-06-03 12:31:06 INFO  Assignment No=6, Scenario-1:45 - Login page of 'actiTime' is displayed
2021-06-03 12:31:06 INFO  Assignment No=6, Scenario-1:46 - The navigate() method has ended
2021-06-03 12:31:06 INFO  Assignment No=6, Scenario-1:47 - ------------------------------------------
2021-06-03 12:31:06 INFO  Assignment No=6, Scenario-1:58 - The login() method has started
2021-06-03 12:31:06 INFO  Assignment No=6, Scenario-1:59 - In login page, Entering the Username as 'admin'
2021-06-03 12:31:09 INFO  Assignment No=6, Scenario-1:62 - In login page, Entering the Password as 'manager'
2021-06-03 12:31:11 INFO  Assignment No=6, Scenario-1:65 - In login page, Clicking on LOGIN button
2021-06-03 12:31:11 INFO  Assignment No=6, Scenario-1:67 - The login() method has ended
2021-06-03 12:31:11 INFO  Assignment No=6, Scenario-1:68 - ------------------------------------------
2021-06-03 12:31:11 INFO  Assignment No=6, Scenario-1:79 - Home page is displayed
2021-06-03 12:31:11 INFO  Assignment No=6, Scenario-1:80 - The minimizeFlyOutWindow() method has started
2021-06-03 12:31:11 INFO  Assignment No=6, Scenario-1:81 - Minimizing the Flyout window
2021-06-03 12:31:12 INFO  Assignment No=6, Scenario-1:83 - The minimizeFlyOutWindow() method has ended
2021-06-03 12:31:12 INFO  Assignment No=6, Scenario-1:84 - ------------------------------------------
2021-06-03 12:31:12 INFO  Assignment No=6, Scenario-1:95 - The createUser() method has started
2021-06-03 12:31:12 INFO  Assignment No=6, Scenario-1:96 - Clicking on USER
2021-06-03 12:31:16 INFO  Assignment No=6, Scenario-1:99 - Clicking on +Add User button
2021-06-03 12:31:16 INFO  Assignment No=6, Scenario-1:101 - Add User popup window is opened
2021-06-03 12:31:16 INFO  Assignment No=6, Scenario-1:102 - In FirstName text field, entered FirstName as 'User1'
2021-06-03 12:31:17 INFO  Assignment No=6, Scenario-1:104 - In LastName text field, entered LastName as 'Demo'
2021-06-03 12:31:17 INFO  Assignment No=6, Scenario-1:106 - In email text field, entered email as 'usre1@gmail.com'
2021-06-03 12:31:17 INFO  Assignment No=6, Scenario-1:108 - In UserName text field, entered UserName as 'User1'
2021-06-03 12:31:17 INFO  Assignment No=6, Scenario-1:110 - In Password text field, entered Password as 'welcome1'
2021-06-03 12:31:17 INFO  Assignment No=6, Scenario-1:112 - In Retype Password text field, entered Password as 'welcome1'
2021-06-03 12:31:19 INFO  Assignment No=6, Scenario-1:115 - Clicking on +Create User button
2021-06-03 12:31:22 INFO  Assignment No=6, Scenario-1:119 - The createUser() method has ended
2021-06-03 12:31:22 INFO  Assignment No=6, Scenario-1:120 - ------------------------------------------
2021-06-03 12:31:22 INFO  Assignment No=6, Scenario-1:132 - The deleteUser() method has started
2021-06-03 12:31:24 INFO  Assignment No=6, Scenario-1:135 - Clicked on Created User
2021-06-03 12:31:26 INFO  Assignment No=6, Scenario-1:138 - Clicked on Delete User button
2021-06-03 12:31:26 INFO  Assignment No=6, Scenario-1:139 - Confirmation popup window has appeared
2021-06-03 12:31:26 INFO  Assignment No=6, Scenario-1:141 - Switched to popup window
2021-06-03 12:31:26 INFO  Assignment No=6, Scenario-1:143 - In popup window, accepted the message by clicking on OK button
2021-06-03 12:31:26 INFO  Assignment No=6, Scenario-1:144 - The deleteUser() method has ended
2021-06-03 12:31:26 INFO  Assignment No=6, Scenario-1:145 - ------------------------------------------
2021-06-03 12:31:26 INFO  Assignment No=6, Scenario-1:156 - The logout() method has started
2021-06-03 12:31:28 INFO  Assignment No=6, Scenario-1:159 - Clicked on LOGOUT button
2021-06-03 12:31:28 INFO  Assignment No=6, Scenario-1:160 - The logout() method has ended
2021-06-03 12:31:28 INFO  Assignment No=6, Scenario-1:161 - ------------------------------------------
2021-06-03 12:31:28 INFO  Assignment No=6, Scenario-1:172 - The closeApplication() method has started
2021-06-03 12:31:28 INFO  Assignment No=6, Scenario-1:174 - Chrome browser closed successfully!!!!
2021-06-03 12:31:28 INFO  Assignment No=6, Scenario-1:175 - The closeApplication() method has ended
2021-06-03 12:31:28 INFO  Assignment No=6, Scenario-1:176 - ------------------------------------------
2021-06-03 12:31:28 INFO  Assignment No=6, Scenario-2:21 - The launchBrowser() method has started
2021-06-03 12:31:28 INFO  Assignment No=6, Scenario-2:22 - Getting default user directory path
2021-06-03 12:31:30 INFO  Assignment No=6, Scenario-2:26 - Chrome browser has launched successfully!!!!
2021-06-03 12:31:30 INFO  Assignment No=6, Scenario-2:28 - Chrome browser is maximized
2021-06-03 12:31:30 INFO  Assignment No=6, Scenario-2:29 - The launchBrowser() method has ended
2021-06-03 12:31:30 INFO  Assignment No=6, Scenario-2:30 - ------------------------------------------
2021-06-03 12:31:30 INFO  Assignment No=6, Scenario-2:41 - The navigate() method has started
2021-06-03 12:31:30 INFO  Assignment No=6, Scenario-2:42 - Navigating the URL--> 'http://localhost:81/login.do'
2021-06-03 12:31:32 INFO  Assignment No=6, Scenario-2:45 - Login page of 'actiTime' is displayed
2021-06-03 12:31:32 INFO  Assignment No=6, Scenario-2:46 - The navigate() method has ended
2021-06-03 12:31:32 INFO  Assignment No=6, Scenario-2:47 - ------------------------------------------
2021-06-03 12:31:32 INFO  Assignment No=6, Scenario-2:58 - The login() method has started
2021-06-03 12:31:32 INFO  Assignment No=6, Scenario-2:59 - In login page, Entering the Username as 'admin'
2021-06-03 12:31:34 INFO  Assignment No=6, Scenario-2:62 - In login page, Entering the Password as 'manager'
2021-06-03 12:31:37 INFO  Assignment No=6, Scenario-2:65 - In login page, Clicking on LOGIN button
2021-06-03 12:31:37 INFO  Assignment No=6, Scenario-2:67 - The login() method has ended
2021-06-03 12:31:37 INFO  Assignment No=6, Scenario-2:68 - ------------------------------------------
2021-06-03 12:31:37 INFO  Assignment No=6, Scenario-2:79 - Home page is displayed
2021-06-03 12:31:37 INFO  Assignment No=6, Scenario-2:80 - The minimizeFlyOutWindow() method has started
2021-06-03 12:31:37 INFO  Assignment No=6, Scenario-2:81 - Minimizing the Flyout window
2021-06-03 12:31:38 INFO  Assignment No=6, Scenario-2:83 - The minimizeFlyOutWindow() method has ended
2021-06-03 12:31:38 INFO  Assignment No=6, Scenario-2:84 - ------------------------------------------
2021-06-03 12:31:38 INFO  Assignment No=6, Scenario-2:95 - The createUser() method has started
2021-06-03 12:31:38 INFO  Assignment No=6, Scenario-2:96 - Clicking on USER
2021-06-03 12:31:40 INFO  Assignment No=6, Scenario-2:99 - Clicking on +Add User button
2021-06-03 12:31:40 INFO  Assignment No=6, Scenario-2:101 - Add User popup window is opened
2021-06-03 12:31:40 INFO  Assignment No=6, Scenario-2:102 - In FirstName text field, entered FirstName as 'User1'
2021-06-03 12:31:41 INFO  Assignment No=6, Scenario-2:104 - In LastName text field, entered LastName as 'Demo'
2021-06-03 12:31:41 INFO  Assignment No=6, Scenario-2:106 - In email text field, entered email as 'usre1@gmail.com'
2021-06-03 12:31:41 INFO  Assignment No=6, Scenario-2:108 - In UserName text field, entered UserName as 'User1'
2021-06-03 12:31:41 INFO  Assignment No=6, Scenario-2:110 - In Password text field, entered Password as 'welcome1'
2021-06-03 12:31:41 INFO  Assignment No=6, Scenario-2:112 - In Retype Password text field, entered Password as 'welcome1'
2021-06-03 12:31:43 INFO  Assignment No=6, Scenario-2:115 - Clicking on +Create User button
2021-06-03 12:31:46 INFO  Assignment No=6, Scenario-2:119 - The createUser() method has ended
2021-06-03 12:31:46 INFO  Assignment No=6, Scenario-2:120 - ------------------------------------------
2021-06-03 12:31:46 INFO  Assignment No=6, Scenario-2:132 - The modifyUser() method has started
2021-06-03 12:31:48 INFO  Assignment No=6, Scenario-2:135 - Clicked on Created User
2021-06-03 12:31:48 INFO  Assignment No=6, Scenario-2:137 - In FirstName text field, entered FirstName as 'new'
2021-06-03 12:31:48 INFO  Assignment No=6, Scenario-2:139 - In LastName text field, entered LastName as 'new'
2021-06-03 12:31:48 INFO  Assignment No=6, Scenario-2:141 - In email text field, clearing the email id
2021-06-03 12:31:48 INFO  Assignment No=6, Scenario-2:143 - In email text field, entered email as 'user1new@gmail.com'
2021-06-03 12:31:48 INFO  Assignment No=6, Scenario-2:145 - In Password text field, entered Password as 'welcome1new'
2021-06-03 12:31:48 INFO  Assignment No=6, Scenario-2:147 - In Retype Password text field, entered Password as 'welcome1new'
2021-06-03 12:31:52 INFO  Assignment No=6, Scenario-2:151 - Clicked on Save Changes Button
2021-06-03 12:31:52 INFO  Assignment No=6, Scenario-2:152 - The modifyUser() method has ended
2021-06-03 12:31:52 INFO  Assignment No=6, Scenario-2:153 - ------------------------------------------
2021-06-03 12:31:52 INFO  Assignment No=6, Scenario-2:165 - The deleteUser() method has started
2021-06-03 12:31:55 INFO  Assignment No=6, Scenario-2:168 - Clicked on Created User
2021-06-03 12:31:57 INFO  Assignment No=6, Scenario-2:171 - Clicked on Delete User button
2021-06-03 12:31:57 INFO  Assignment No=6, Scenario-2:172 - Confirmation popup window has appeared
2021-06-03 12:31:57 INFO  Assignment No=6, Scenario-2:174 - Switched to popup window
2021-06-03 12:31:57 INFO  Assignment No=6, Scenario-2:176 - In popup window, accepted the message by clicking on OK button
2021-06-03 12:31:57 INFO  Assignment No=6, Scenario-2:177 - The deleteUser() method has ended
2021-06-03 12:31:57 INFO  Assignment No=6, Scenario-2:178 - ------------------------------------------
2021-06-03 12:31:57 INFO  Assignment No=6, Scenario-2:189 - The logout() method has started
2021-06-03 12:31:59 INFO  Assignment No=6, Scenario-2:192 - Clicked on LOGOUT button
2021-06-03 12:31:59 INFO  Assignment No=6, Scenario-2:193 - The logout() method has ended
2021-06-03 12:31:59 INFO  Assignment No=6, Scenario-2:194 - ------------------------------------------
2021-06-03 12:31:59 INFO  Assignment No=6, Scenario-2:205 - The closeApplication() method has started
2021-06-03 12:31:59 INFO  Assignment No=6, Scenario-2:207 - Chrome browser closed successfully!!!!
2021-06-03 12:31:59 INFO  Assignment No=6, Scenario-2:208 - The closeApplication() method has ended
2021-06-03 12:31:59 INFO  Assignment No=6, Scenario-2:209 - ------------------------------------------
2021-06-03 12:31:59 INFO  Assignment No=6, Scenario-3:20 - The launchBrowser() method has started
2021-06-03 12:31:59 INFO  Assignment No=6, Scenario-3:21 - Getting default user directory path
2021-06-03 12:32:01 INFO  Assignment No=6, Scenario-3:25 - Chrome browser has launched successfully!!!!
2021-06-03 12:32:01 INFO  Assignment No=6, Scenario-3:27 - Chrome browser is maximized
2021-06-03 12:32:01 INFO  Assignment No=6, Scenario-3:28 - The launchBrowser() method has ended
2021-06-03 12:32:01 INFO  Assignment No=6, Scenario-3:29 - ------------------------------------------
2021-06-03 12:32:01 INFO  Assignment No=6, Scenario-3:40 - The navigate() method has started
2021-06-03 12:32:01 INFO  Assignment No=6, Scenario-3:41 - Navigating the URL--> 'http://localhost:81/login.do'
2021-06-03 12:32:03 INFO  Assignment No=6, Scenario-3:44 - Login page of 'actiTime' is displayed
2021-06-03 12:32:03 INFO  Assignment No=6, Scenario-3:45 - The navigate() method has ended
2021-06-03 12:32:03 INFO  Assignment No=6, Scenario-3:46 - ------------------------------------------
2021-06-03 12:32:03 INFO  Assignment No=6, Scenario-3:57 - The login() method has started
2021-06-03 12:32:03 INFO  Assignment No=6, Scenario-3:58 - In login page, Entering the Username as 'admin'
2021-06-03 12:32:06 INFO  Assignment No=6, Scenario-3:61 - In login page, Entering the Password as 'manager'
2021-06-03 12:32:08 INFO  Assignment No=6, Scenario-3:64 - In login page, Clicking on LOGIN button
2021-06-03 12:32:08 INFO  Assignment No=6, Scenario-3:66 - The login() method has ended
2021-06-03 12:32:08 INFO  Assignment No=6, Scenario-3:67 - ------------------------------------------
2021-06-03 12:32:08 INFO  Assignment No=6, Scenario-3:78 - Home page is displayed
2021-06-03 12:32:08 INFO  Assignment No=6, Scenario-3:79 - The minimizeFlyOutWindow() method has started
2021-06-03 12:32:08 INFO  Assignment No=6, Scenario-3:80 - Minimizing the Flyout window
2021-06-03 12:32:09 INFO  Assignment No=6, Scenario-3:82 - The minimizeFlyOutWindow() method has ended
2021-06-03 12:32:09 INFO  Assignment No=6, Scenario-3:83 - ------------------------------------------
2021-06-03 12:32:09 INFO  Assignment No=6, Scenario-3:94 - The createCustomer() method has started
2021-06-03 12:32:10 INFO  Assignment No=6, Scenario-3:97 - Clicked on TASKS button
2021-06-03 12:32:12 INFO  Assignment No=6, Scenario-3:100 - Clicked on +Add New button
2021-06-03 12:32:12 INFO  Assignment No=6, Scenario-3:102 - In drop down, clicked on 'Create New Customer'
2021-06-03 12:32:15 INFO  Assignment No=6, Scenario-3:105 - In customer name text field, entered as demoCustomer
2021-06-03 12:32:17 INFO  Assignment No=6, Scenario-3:108 - Clicked on Create Customer button
2021-06-03 12:32:17 INFO  Assignment No=6, Scenario-3:109 - The createCustomer() method has ended
2021-06-03 12:32:17 INFO  Assignment No=6, Scenario-3:110 - ------------------------------------------
2021-06-03 12:32:17 INFO  Assignment No=6, Scenario-3:122 - The deleteCustomer() method has started
2021-06-03 12:32:19 INFO  Assignment No=6, Scenario-3:125 - Clicked on Editbutton of customer
2021-06-03 12:32:21 INFO  Assignment No=6, Scenario-3:128 - Clicked on ACTION button
2021-06-03 12:32:23 INFO  Assignment No=6, Scenario-3:131 - Clicked on Delete button
2021-06-03 12:32:25 INFO  Assignment No=6, Scenario-3:134 - Clicked on Delete Permanently button
2021-06-03 12:32:25 INFO  Assignment No=6, Scenario-3:135 - The deleteCustomer() method has ended
2021-06-03 12:32:25 INFO  Assignment No=6, Scenario-3:136 - ------------------------------------------
2021-06-03 12:32:25 INFO  Assignment No=6, Scenario-3:148 - The logout() method has started
2021-06-03 12:32:28 INFO  Assignment No=6, Scenario-3:151 - Clicked on LOGOUT button
2021-06-03 12:32:28 INFO  Assignment No=6, Scenario-3:152 - The logout() method has ended
2021-06-03 12:32:28 INFO  Assignment No=6, Scenario-3:153 - ------------------------------------------
2021-06-03 12:32:28 INFO  Assignment No=6, Scenario-3:164 - The closeApplication() method has started
2021-06-03 12:32:28 INFO  Assignment No=6, Scenario-3:166 - Chrome browser closed successfully!!!!
2021-06-03 12:32:28 INFO  Assignment No=6, Scenario-3:167 - The closeApplication() method has ended
2021-06-03 12:32:28 INFO  Assignment No=6, Scenario-3:168 - ------------------------------------------
2021-06-03 12:32:28 INFO  Assignment No=6, Scenario-4:20 - The launchBrowser() method has started
2021-06-03 12:32:28 INFO  Assignment No=6, Scenario-4:21 - Getting default user directory path
2021-06-03 12:32:29 INFO  Assignment No=6, Scenario-4:25 - Chrome browser has launched successfully!!!!
2021-06-03 12:32:29 INFO  Assignment No=6, Scenario-4:27 - Chrome browser is maximized
2021-06-03 12:32:29 INFO  Assignment No=6, Scenario-4:28 - The launchBrowser() method has ended
2021-06-03 12:32:29 INFO  Assignment No=6, Scenario-4:29 - ------------------------------------------
2021-06-03 12:32:29 INFO  Assignment No=6, Scenario-4:40 - The navigate() method has started
2021-06-03 12:32:29 INFO  Assignment No=6, Scenario-4:41 - Navigating the URL--> 'http://localhost:81/login.do'
2021-06-03 12:32:32 INFO  Assignment No=6, Scenario-4:44 - Login page of 'actiTime' is displayed
2021-06-03 12:32:32 INFO  Assignment No=6, Scenario-4:45 - The navigate() method has ended
2021-06-03 12:32:32 INFO  Assignment No=6, Scenario-4:46 - ------------------------------------------
2021-06-03 12:32:32 INFO  Assignment No=6, Scenario-4:57 - The login() method has started
2021-06-03 12:32:32 INFO  Assignment No=6, Scenario-4:58 - In login page, Entering the Username as 'admin'
2021-06-03 12:32:34 INFO  Assignment No=6, Scenario-4:61 - In login page, Entering the Password as 'manager'
2021-06-03 12:32:36 INFO  Assignment No=6, Scenario-4:64 - In login page, Clicking on LOGIN button
2021-06-03 12:32:36 INFO  Assignment No=6, Scenario-4:66 - The login() method has ended
2021-06-03 12:32:36 INFO  Assignment No=6, Scenario-4:67 - ------------------------------------------
2021-06-03 12:32:36 INFO  Assignment No=6, Scenario-4:78 - Home page is displayed
2021-06-03 12:32:36 INFO  Assignment No=6, Scenario-4:79 - The minimizeFlyOutWindow() method has started
2021-06-03 12:32:36 INFO  Assignment No=6, Scenario-4:80 - Minimizing the Flyout window
2021-06-03 12:32:37 INFO  Assignment No=6, Scenario-4:82 - The minimizeFlyOutWindow() method has ended
2021-06-03 12:32:37 INFO  Assignment No=6, Scenario-4:83 - ------------------------------------------
2021-06-03 12:32:37 INFO  Assignment No=6, Scenario-4:94 - The createCustomer() method has started
2021-06-03 12:32:38 INFO  Assignment No=6, Scenario-4:97 - Clicked on TASKS button
2021-06-03 12:32:41 INFO  Assignment No=6, Scenario-4:100 - Clicked on +Add New button
2021-06-03 12:32:41 INFO  Assignment No=6, Scenario-4:102 - In drop down, clicked on 'Create New Customer'
2021-06-03 12:32:43 INFO  Assignment No=6, Scenario-4:105 - In customer name text field, entered as demoCustomer
2021-06-03 12:32:45 INFO  Assignment No=6, Scenario-4:108 - Clicked on Create Customer button
2021-06-03 12:32:45 INFO  Assignment No=6, Scenario-4:109 - The createCustomer() method has ended
2021-06-03 12:32:45 INFO  Assignment No=6, Scenario-4:110 - ------------------------------------------
2021-06-03 12:32:45 INFO  Assignment No=6, Scenario-4:122 - The modifyCustomer() method has started
2021-06-03 12:32:47 INFO  Assignment No=6, Scenario-4:125 - Clicked on Editbutton of customer
2021-06-03 12:32:49 INFO  Assignment No=6, Scenario-4:128 - In text area, typed as 'This is Testing purpose'
2021-06-03 12:32:49 INFO  Assignment No=6, Scenario-4:130 - Clicked on Cross mark in popup window
2021-06-03 12:32:49 INFO  Assignment No=6, Scenario-4:131 - The modifyCustomer() method has ended
2021-06-03 12:32:49 INFO  Assignment No=6, Scenario-4:132 - ------------------------------------------
2021-06-03 12:32:51 INFO  Assignment No=6, Scenario-4:146 - The deleteCustomer() method has started
2021-06-03 12:32:54 INFO  Assignment No=6, Scenario-4:150 - Clicked on Editbutton of customer
2021-06-03 12:32:56 INFO  Assignment No=6, Scenario-4:153 - Clicked on ACTION button
2021-06-03 12:32:58 INFO  Assignment No=6, Scenario-4:156 - Clicked on Delete button
2021-06-03 12:33:00 INFO  Assignment No=6, Scenario-4:159 - Clicked on Delete Permanently button
2021-06-03 12:33:00 INFO  Assignment No=6, Scenario-4:160 - The deleteCustomer() method has ended
2021-06-03 12:33:00 INFO  Assignment No=6, Scenario-4:161 - ------------------------------------------
2021-06-03 12:33:00 INFO  Assignment No=6, Scenario-4:173 - The logout() method has started
2021-06-03 12:33:02 INFO  Assignment No=6, Scenario-4:176 - Clicked on LOGOUT button
2021-06-03 12:33:02 INFO  Assignment No=6, Scenario-4:177 - The logout() method has ended
2021-06-03 12:33:02 INFO  Assignment No=6, Scenario-4:178 - ------------------------------------------
2021-06-03 12:33:02 INFO  Assignment No=6, Scenario-4:189 - The closeApplication() method has started
2021-06-03 12:33:02 INFO  Assignment No=6, Scenario-4:191 - Chrome browser closed successfully!!!!
2021-06-03 12:33:02 INFO  Assignment No=6, Scenario-4:192 - The closeApplication() method has ended
2021-06-03 12:33:02 INFO  Assignment No=6, Scenario-4:193 - ------------------------------------------
2021-06-03 12:33:02 INFO  Assignment No=6, Scenario-5:20 - The launchBrowser() method has started
2021-06-03 12:33:02 INFO  Assignment No=6, Scenario-5:21 - Getting default user directory path
2021-06-03 12:33:04 INFO  Assignment No=6, Scenario-5:25 - Chrome browser has launched successfully!!!!
2021-06-03 12:33:04 INFO  Assignment No=6, Scenario-5:27 - Chrome browser is maximized
2021-06-03 12:33:04 INFO  Assignment No=6, Scenario-5:28 - The launchBrowser() method has ended
2021-06-03 12:33:04 INFO  Assignment No=6, Scenario-5:29 - ------------------------------------------
2021-06-03 12:33:04 INFO  Assignment No=6, Scenario-5:40 - The navigate() method has started
2021-06-03 12:33:04 INFO  Assignment No=6, Scenario-5:41 - Navigating the URL--> 'http://localhost:81/login.do'
2021-06-03 12:33:06 INFO  Assignment No=6, Scenario-5:44 - Login page of 'actiTime' is displayed
2021-06-03 12:33:06 INFO  Assignment No=6, Scenario-5:45 - The navigate() method has ended
2021-06-03 12:33:06 INFO  Assignment No=6, Scenario-5:46 - ------------------------------------------
2021-06-03 12:33:06 INFO  Assignment No=6, Scenario-5:57 - The login() method has started
2021-06-03 12:33:06 INFO  Assignment No=6, Scenario-5:58 - In login page, Entering the Username as 'admin'
2021-06-03 12:33:09 INFO  Assignment No=6, Scenario-5:61 - In login page, Entering the Password as 'manager'
2021-06-03 12:33:11 INFO  Assignment No=6, Scenario-5:64 - In login page, Clicking on LOGIN button
2021-06-03 12:33:11 INFO  Assignment No=6, Scenario-5:66 - The login() method has ended
2021-06-03 12:33:11 INFO  Assignment No=6, Scenario-5:67 - ------------------------------------------
2021-06-03 12:33:11 INFO  Assignment No=6, Scenario-5:78 - Home page is displayed
2021-06-03 12:33:11 INFO  Assignment No=6, Scenario-5:79 - The minimizeFlyOutWindow() method has started
2021-06-03 12:33:11 INFO  Assignment No=6, Scenario-5:80 - Minimizing the Flyout window
2021-06-03 12:33:12 INFO  Assignment No=6, Scenario-5:82 - The minimizeFlyOutWindow() method has ended
2021-06-03 12:33:12 INFO  Assignment No=6, Scenario-5:83 - ------------------------------------------
2021-06-03 12:33:12 INFO  Assignment No=6, Scenario-5:94 - The createCustomer() method has started
2021-06-03 12:33:13 INFO  Assignment No=6, Scenario-5:97 - Clicked on TASKS button
2021-06-03 12:33:15 INFO  Assignment No=6, Scenario-5:100 - Clicked on +Add New button
2021-06-03 12:33:15 INFO  Assignment No=6, Scenario-5:102 - In drop down, clicked on 'Create New Customer'
2021-06-03 12:33:18 INFO  Assignment No=6, Scenario-5:105 - In customer name text field, entered as demoCustomer
2021-06-03 12:33:20 INFO  Assignment No=6, Scenario-5:108 - Clicked on Create Customer button
2021-06-03 12:33:20 INFO  Assignment No=6, Scenario-5:109 - The createCustomer() method has ended
2021-06-03 12:33:20 INFO  Assignment No=6, Scenario-5:110 - ------------------------------------------
2021-06-03 12:33:20 INFO  Assignment No=6, Scenario-5:122 - The createProject() method has started
2021-06-03 12:33:22 INFO  Assignment No=6, Scenario-5:125 - Clicked on +Add New button
2021-06-03 12:33:24 INFO  Assignment No=6, Scenario-5:128 - In drop down, clicked on 'Create New Project'
2021-06-03 12:33:26 INFO  Assignment No=6, Scenario-5:131 - In project name text field, entered as demoProject
2021-06-03 12:33:28 INFO  Assignment No=6, Scenario-5:134 - Clicked on Create Project button
2021-06-03 12:33:28 INFO  Assignment No=6, Scenario-5:135 - The createProject() method has ended
2021-06-03 12:33:28 INFO  Assignment No=6, Scenario-5:136 - ------------------------------------------
2021-06-03 12:33:28 INFO  Assignment No=6, Scenario-5:148 - The deleteProject() method has started
2021-06-03 12:33:33 INFO  Assignment No=6, Scenario-5:153 - Clicked on Editbutton of project
2021-06-03 12:33:35 INFO  Assignment No=6, Scenario-5:156 - Clicked on ACTION button
2021-06-03 12:33:37 INFO  Assignment No=6, Scenario-5:159 - Clicked on Delete button
2021-06-03 12:33:39 INFO  Assignment No=6, Scenario-5:162 - Clicked on Delete Permanently button
2021-06-03 12:33:39 INFO  Assignment No=6, Scenario-5:163 - The deleteProject() method has ended
2021-06-03 12:33:39 INFO  Assignment No=6, Scenario-5:164 - ------------------------------------------
2021-06-03 12:33:39 INFO  Assignment No=6, Scenario-5:176 - The deleteCustomer() method has started
2021-06-03 12:33:41 INFO  Assignment No=6, Scenario-5:179 - Clicked on Editbutton of customer
2021-06-03 12:33:43 INFO  Assignment No=6, Scenario-5:182 - Clicked on ACTION button
2021-06-03 12:33:45 INFO  Assignment No=6, Scenario-5:185 - Clicked on Delete button
2021-06-03 12:33:47 INFO  Assignment No=6, Scenario-5:188 - Clicked on Delete Permanently button
2021-06-03 12:33:47 INFO  Assignment No=6, Scenario-5:189 - The deleteCustomer() method has ended
2021-06-03 12:33:47 INFO  Assignment No=6, Scenario-5:190 - ------------------------------------------
2021-06-03 12:33:47 INFO  Assignment No=6, Scenario-5:202 - The logout() method has started
2021-06-03 12:33:50 INFO  Assignment No=6, Scenario-5:205 - Clicked on LOGOUT button
2021-06-03 12:33:50 INFO  Assignment No=6, Scenario-5:206 - The logout() method has ended
2021-06-03 12:33:50 INFO  Assignment No=6, Scenario-5:207 - ------------------------------------------
2021-06-03 12:33:50 INFO  Assignment No=6, Scenario-5:218 - The closeApplication() method has started
2021-06-03 12:33:50 INFO  Assignment No=6, Scenario-5:220 - Chrome browser closed successfully!!!!
2021-06-03 12:33:50 INFO  Assignment No=6, Scenario-5:221 - The closeApplication() method has ended
2021-06-03 12:33:50 INFO  Assignment No=6, Scenario-5:222 - ------------------------------------------
2021-06-03 12:33:50 INFO  Assignment No=6, Scenario-6:20 - The launchBrowser() method has started
2021-06-03 12:33:50 INFO  Assignment No=6, Scenario-6:21 - Getting default user directory path
2021-06-03 12:33:51 INFO  Assignment No=6, Scenario-6:25 - Chrome browser has launched successfully!!!!
2021-06-03 12:33:51 INFO  Assignment No=6, Scenario-6:27 - Chrome browser is maximized
2021-06-03 12:33:51 INFO  Assignment No=6, Scenario-6:28 - The launchBrowser() method has ended
2021-06-03 12:33:51 INFO  Assignment No=6, Scenario-6:29 - ------------------------------------------
2021-06-03 12:33:51 INFO  Assignment No=6, Scenario-6:40 - The navigate() method has started
2021-06-03 12:33:51 INFO  Assignment No=6, Scenario-6:41 - Navigating the URL--> 'http://localhost:81/login.do'
2021-06-03 12:33:54 INFO  Assignment No=6, Scenario-6:44 - Login page of 'actiTime' is displayed
2021-06-03 12:33:54 INFO  Assignment No=6, Scenario-6:45 - The navigate() method has ended
2021-06-03 12:33:54 INFO  Assignment No=6, Scenario-6:46 - ------------------------------------------
2021-06-03 12:33:54 INFO  Assignment No=6, Scenario-6:57 - The login() method has started
2021-06-03 12:33:54 INFO  Assignment No=6, Scenario-6:58 - In login page, Entering the Username as 'admin'
2021-06-03 12:33:56 INFO  Assignment No=6, Scenario-6:61 - In login page, Entering the Password as 'manager'
2021-06-03 12:33:58 INFO  Assignment No=6, Scenario-6:64 - In login page, Clicking on LOGIN button
2021-06-03 12:33:58 INFO  Assignment No=6, Scenario-6:66 - The login() method has ended
2021-06-03 12:33:58 INFO  Assignment No=6, Scenario-6:67 - ------------------------------------------
2021-06-03 12:33:58 INFO  Assignment No=6, Scenario-6:78 - Home page is displayed
2021-06-03 12:33:58 INFO  Assignment No=6, Scenario-6:79 - The minimizeFlyOutWindow() method has started
2021-06-03 12:33:58 INFO  Assignment No=6, Scenario-6:80 - Minimizing the Flyout window
2021-06-03 12:33:59 INFO  Assignment No=6, Scenario-6:82 - The minimizeFlyOutWindow() method has ended
2021-06-03 12:33:59 INFO  Assignment No=6, Scenario-6:83 - ------------------------------------------
2021-06-03 12:33:59 INFO  Assignment No=6, Scenario-6:94 - The createCustomer() method has started
2021-06-03 12:34:00 INFO  Assignment No=6, Scenario-6:97 - Clicked on TASKS button
2021-06-03 12:34:03 INFO  Assignment No=6, Scenario-6:100 - Clicked on +Add New button
2021-06-03 12:34:03 INFO  Assignment No=6, Scenario-6:102 - In drop down, clicked on 'Create New Customer'
2021-06-03 12:34:05 INFO  Assignment No=6, Scenario-6:105 - In customer name text field, entered as demoCustomer
2021-06-03 12:34:07 INFO  Assignment No=6, Scenario-6:108 - Clicked on Create Customer button
2021-06-03 12:34:07 INFO  Assignment No=6, Scenario-6:109 - The createCustomer() method has ended
2021-06-03 12:34:07 INFO  Assignment No=6, Scenario-6:110 - ------------------------------------------
2021-06-03 12:34:07 INFO  Assignment No=6, Scenario-6:122 - The createProject() method has started
2021-06-03 12:34:09 INFO  Assignment No=6, Scenario-6:125 - Clicked on +Add New button
2021-06-03 12:34:11 INFO  Assignment No=6, Scenario-6:128 - In drop down, clicked on 'Create New Project'
2021-06-03 12:34:13 INFO  Assignment No=6, Scenario-6:131 - In project name text field, entered as demoProject
2021-06-03 12:34:16 INFO  Assignment No=6, Scenario-6:134 - Clicked on Create Project button
2021-06-03 12:34:16 INFO  Assignment No=6, Scenario-6:135 - The createProject() method has ended
2021-06-03 12:34:16 INFO  Assignment No=6, Scenario-6:136 - ------------------------------------------
2021-06-03 12:34:16 INFO  Assignment No=6, Scenario-6:148 - The modifyProject() method has started
2021-06-03 12:34:18 INFO  Assignment No=6, Scenario-6:152 - Clicked on Editbutton of project
2021-06-03 12:34:20 INFO  Assignment No=6, Scenario-6:155 - In project text area typed as 'This is Testing purpose'
2021-06-03 12:34:22 INFO  Assignment No=6, Scenario-6:158 - Clicked on cross mark button
2021-06-03 12:34:22 INFO  Assignment No=6, Scenario-6:159 - The modifyProject() method has ended
2021-06-03 12:34:22 INFO  Assignment No=6, Scenario-6:160 - ------------------------------------------
2021-06-03 12:34:22 INFO  Assignment No=6, Scenario-6:172 - The deleteProject() method has started
2021-06-03 12:34:27 INFO  Assignment No=6, Scenario-6:177 - Clicked on Editbutton of project
2021-06-03 12:34:29 INFO  Assignment No=6, Scenario-6:180 - Clicked on ACTION button
2021-06-03 12:34:31 INFO  Assignment No=6, Scenario-6:183 - Clicked on Delete button
2021-06-03 12:34:33 INFO  Assignment No=6, Scenario-6:186 - Clicked on Delete Permanently button
2021-06-03 12:34:33 INFO  Assignment No=6, Scenario-6:187 - The deleteProject() method has ended
2021-06-03 12:34:33 INFO  Assignment No=6, Scenario-6:188 - ------------------------------------------
2021-06-03 12:34:33 INFO  Assignment No=6, Scenario-6:200 - The deleteCustomer() method has started
2021-06-03 12:34:35 INFO  Assignment No=6, Scenario-6:203 - Clicked on Editbutton of customer
2021-06-03 12:34:37 INFO  Assignment No=6, Scenario-6:206 - Clicked on ACTION button
2021-06-03 12:34:39 INFO  Assignment No=6, Scenario-6:209 - Clicked on Delete button
2021-06-03 12:34:42 INFO  Assignment No=6, Scenario-6:212 - Clicked on Delete Permanently button
2021-06-03 12:34:42 INFO  Assignment No=6, Scenario-6:213 - The deleteCustomer() method has ended
2021-06-03 12:34:42 INFO  Assignment No=6, Scenario-6:214 - ------------------------------------------
2021-06-03 12:34:42 INFO  Assignment No=6, Scenario-6:226 - The logout() method has started
2021-06-03 12:34:44 INFO  Assignment No=6, Scenario-6:229 - Clicked on LOGOUT button
2021-06-03 12:34:44 INFO  Assignment No=6, Scenario-6:230 - The logout() method has ended
2021-06-03 12:34:44 INFO  Assignment No=6, Scenario-6:231 - ------------------------------------------
2021-06-03 12:34:44 INFO  Assignment No=6, Scenario-6:242 - The closeApplication() method has started
2021-06-03 12:34:44 INFO  Assignment No=6, Scenario-6:244 - Chrome browser closed successfully!!!!
2021-06-03 12:34:44 INFO  Assignment No=6, Scenario-6:245 - The closeApplication() method has ended
2021-06-03 12:34:44 INFO  Assignment No=6, Scenario-6:246 - ------------------------------------------
2021-06-03 12:34:44 INFO  Assignment No=6, Scenario-7:20 - The launchBrowser() method has started
2021-06-03 12:34:44 INFO  Assignment No=6, Scenario-7:21 - Getting default user directory path
2021-06-03 12:34:45 INFO  Assignment No=6, Scenario-7:25 - Chrome browser has launched successfully!!!!
2021-06-03 12:34:45 INFO  Assignment No=6, Scenario-7:27 - Chrome browser is maximized
2021-06-03 12:34:45 INFO  Assignment No=6, Scenario-7:28 - The launchBrowser() method has ended
2021-06-03 12:34:45 INFO  Assignment No=6, Scenario-7:29 - ------------------------------------------
2021-06-03 12:34:45 INFO  Assignment No=6, Scenario-7:40 - The navigate() method has started
2021-06-03 12:34:45 INFO  Assignment No=6, Scenario-7:41 - Navigating the URL--> 'http://localhost:81/login.do'
2021-06-03 12:34:48 INFO  Assignment No=6, Scenario-7:44 - Login page of 'actiTime' is displayed
2021-06-03 12:34:48 INFO  Assignment No=6, Scenario-7:45 - The navigate() method has ended
2021-06-03 12:34:48 INFO  Assignment No=6, Scenario-7:46 - ------------------------------------------
2021-06-03 12:34:48 INFO  Assignment No=6, Scenario-7:57 - The login() method has started
2021-06-03 12:34:48 INFO  Assignment No=6, Scenario-7:58 - In login page, Entering the Username as 'admin'
2021-06-03 12:34:50 INFO  Assignment No=6, Scenario-7:61 - In login page, Entering the Password as 'manager'
2021-06-03 12:34:52 INFO  Assignment No=6, Scenario-7:64 - In login page, Clicking on LOGIN button
2021-06-03 12:34:52 INFO  Assignment No=6, Scenario-7:66 - The login() method has ended
2021-06-03 12:34:52 INFO  Assignment No=6, Scenario-7:67 - ------------------------------------------
2021-06-03 12:34:52 INFO  Assignment No=6, Scenario-7:78 - Home page is displayed
2021-06-03 12:34:52 INFO  Assignment No=6, Scenario-7:79 - The minimizeFlyOutWindow() method has started
2021-06-03 12:34:52 INFO  Assignment No=6, Scenario-7:80 - Minimizing the Flyout window
2021-06-03 12:34:53 INFO  Assignment No=6, Scenario-7:82 - The minimizeFlyOutWindow() method has ended
2021-06-03 12:34:53 INFO  Assignment No=6, Scenario-7:83 - ------------------------------------------
2021-06-03 12:34:53 INFO  Assignment No=6, Scenario-7:94 - The createCustomer() method has started
2021-06-03 12:34:55 INFO  Assignment No=6, Scenario-7:97 - Clicked on TASKS button
2021-06-03 12:34:57 INFO  Assignment No=6, Scenario-7:100 - Clicked on +Add New button
2021-06-03 12:34:57 INFO  Assignment No=6, Scenario-7:102 - In drop down, clicked on 'Create New Customer'
2021-06-03 12:34:59 INFO  Assignment No=6, Scenario-7:105 - In customer name text field, entered as demoCustomer
2021-06-03 12:35:01 INFO  Assignment No=6, Scenario-7:108 - Clicked on Create Customer button
2021-06-03 12:35:01 INFO  Assignment No=6, Scenario-7:109 - The createCustomer() method has ended
2021-06-03 12:35:01 INFO  Assignment No=6, Scenario-7:110 - ------------------------------------------
2021-06-03 12:35:01 INFO  Assignment No=6, Scenario-7:122 - The createProject() method has started
2021-06-03 12:35:03 INFO  Assignment No=6, Scenario-7:125 - Clicked on +Add New button
2021-06-03 12:35:05 INFO  Assignment No=6, Scenario-7:128 - In drop down, clicked on 'Create New Project'
2021-06-03 12:35:08 INFO  Assignment No=6, Scenario-7:131 - In project name text field, entered as demoProject
2021-06-03 12:35:10 INFO  Assignment No=6, Scenario-7:134 - Clicked on Create Project button
2021-06-03 12:35:10 INFO  Assignment No=6, Scenario-7:135 - The createProject() method has ended
2021-06-03 12:35:10 INFO  Assignment No=6, Scenario-7:136 - ------------------------------------------
2021-06-03 12:35:10 INFO  Assignment No=6, Scenario-7:148 - The createTask() method has started
2021-06-03 12:35:12 INFO  Assignment No=6, Scenario-7:151 - Clicked on +Add New Task button
2021-06-03 12:35:14 INFO  Assignment No=6, Scenario-7:154 - Clicked on Create New Task button
2021-06-03 12:35:15 INFO  Assignment No=6, Scenario-7:157 - In task name text field, entered as 'Task-1'
2021-06-03 12:35:16 INFO  Assignment No=6, Scenario-7:160 - In task name text field, entered as 'Task-2'
2021-06-03 12:35:18 INFO  Assignment No=6, Scenario-7:163 - In task name text field, entered as 'Task-3'
2021-06-03 12:35:19 INFO  Assignment No=6, Scenario-7:166 - In task name text field, entered as 'Task-4'
2021-06-03 12:35:21 INFO  Assignment No=6, Scenario-7:169 - In task name text field, entered as 'Task-5'
2021-06-03 12:35:23 INFO  Assignment No=6, Scenario-7:172 - Clicked on Create Tasks Button
2021-06-03 12:35:23 INFO  Assignment No=6, Scenario-7:173 - The createTask() method has ended
2021-06-03 12:35:23 INFO  Assignment No=6, Scenario-7:174 - ------------------------------------------
2021-06-03 12:35:23 INFO  Assignment No=6, Scenario-7:186 - The deleteTasks() method has started
2021-06-03 12:35:24 INFO  Assignment No=6, Scenario-7:189 - Select the 1st check box
2021-06-03 12:35:25 INFO  Assignment No=6, Scenario-7:192 - Select the 2nd check box
2021-06-03 12:35:26 INFO  Assignment No=6, Scenario-7:195 - Select the 4th check box
2021-06-03 12:35:29 INFO  Assignment No=6, Scenario-7:198 - Clicked on Delete button
2021-06-03 12:35:31 INFO  Assignment No=6, Scenario-7:201 - Clicked on Delete Tasks Button
2021-06-03 12:35:31 INFO  Assignment No=6, Scenario-7:202 - The deleteTasks() method has ended
2021-06-03 12:35:31 INFO  Assignment No=6, Scenario-7:203 - ------------------------------------------
2021-06-03 12:35:31 INFO  Assignment No=6, Scenario-7:216 - The deleteProject() method has started
2021-06-03 12:35:35 INFO  Assignment No=6, Scenario-7:221 - Clicked on Editbutton of project
2021-06-03 12:35:37 INFO  Assignment No=6, Scenario-7:224 - Clicked on ACTION button
2021-06-03 12:35:39 INFO  Assignment No=6, Scenario-7:227 - Clicked on Delete button
2021-06-03 12:35:42 INFO  Assignment No=6, Scenario-7:230 - Clicked on Delete Permanently button
2021-06-03 12:35:42 INFO  Assignment No=6, Scenario-7:231 - The deleteProject() method has ended
2021-06-03 12:35:42 INFO  Assignment No=6, Scenario-7:232 - ------------------------------------------
2021-06-03 12:35:42 INFO  Assignment No=6, Scenario-7:244 - The deleteCustomer() method has started
2021-06-03 12:35:44 INFO  Assignment No=6, Scenario-7:247 - Clicked on Editbutton of customer
2021-06-03 12:35:46 INFO  Assignment No=6, Scenario-7:250 - Clicked on ACTION button
2021-06-03 12:35:48 INFO  Assignment No=6, Scenario-7:253 - Clicked on Delete button
2021-06-03 12:35:50 INFO  Assignment No=6, Scenario-7:256 - Clicked on Delete Permanently button
2021-06-03 12:35:50 INFO  Assignment No=6, Scenario-7:257 - The deleteCustomer() method has ended
2021-06-03 12:35:50 INFO  Assignment No=6, Scenario-7:258 - ------------------------------------------
2021-06-03 12:35:50 INFO  Assignment No=6, Scenario-7:270 - The logout() method has started
2021-06-03 12:35:52 INFO  Assignment No=6, Scenario-7:273 - Clicked on LOGOUT button
2021-06-03 12:35:52 INFO  Assignment No=6, Scenario-7:274 - The logout() method has ended
2021-06-03 12:35:52 INFO  Assignment No=6, Scenario-7:275 - ------------------------------------------
2021-06-03 12:35:52 INFO  Assignment No=6, Scenario-7:286 - The closeApplication() method has started
2021-06-03 12:35:52 INFO  Assignment No=6, Scenario-7:288 - Chrome browser closed successfully!!!!
2021-06-03 12:35:52 INFO  Assignment No=6, Scenario-7:289 - The closeApplication() method has ended
2021-06-03 12:35:52 INFO  Assignment No=6, Scenario-7:290 - ------------------------------------------
2021-06-03 13:01:48 INFO  Assignment No=6, AdvancedScenario-1:22 - The launchBrowser() method has started
2021-06-03 13:01:48 INFO  Assignment No=6, AdvancedScenario-1:23 - Getting default user directory path
2021-06-03 13:01:50 INFO  Assignment No=6, AdvancedScenario-1:27 - Chrome browser has launched successfully!!!!
2021-06-03 13:01:50 INFO  Assignment No=6, AdvancedScenario-1:29 - Chrome browser is maximized
2021-06-03 13:01:50 INFO  Assignment No=6, AdvancedScenario-1:30 - The launchBrowser() method has ended
2021-06-03 13:01:50 INFO  Assignment No=6, AdvancedScenario-1:31 - ------------------------------------------
2021-06-03 13:01:50 INFO  Assignment No=6, AdvancedScenario-1:43 - The navigate() method has started
2021-06-03 13:01:50 INFO  Assignment No=6, AdvancedScenario-1:44 - Navigating the URL--> 'http://localhost:81/login.do'
2021-06-03 13:01:53 INFO  Assignment No=6, AdvancedScenario-1:47 - Login page of 'actiTime' is displayed
2021-06-03 13:01:53 INFO  Assignment No=6, AdvancedScenario-1:48 - The navigate() method has ended
2021-06-03 13:01:53 INFO  Assignment No=6, AdvancedScenario-1:49 - ------------------------------------------
2021-06-03 13:01:53 INFO  Assignment No=6, AdvancedScenario-1:61 - The loginAsAdmin() method has started
2021-06-03 13:01:58 INFO  Assignment No=6, AdvancedScenario-1:63 - The loginAsAdmin() method has ended
2021-06-03 13:01:58 INFO  Assignment No=6, AdvancedScenario-1:64 - ------------------------------------------
2021-06-03 13:01:58 INFO  Assignment No=6, AdvancedScenario-1:66 - The minimizeFlyOutWindow() method has started
2021-06-03 13:02:02 INFO  Assignment No=6, AdvancedScenario-1:69 - The minimizeFlyOutWindow() method has ended
2021-06-03 13:02:02 INFO  Assignment No=6, AdvancedScenario-1:70 - ------------------------------------------
2021-06-03 13:02:02 INFO  Assignment No=6, AdvancedScenario-1:72 - The createUser1() method has started
2021-06-03 13:02:05 INFO  Assignment No=6, AdvancedScenario-1:75 - Clicked on USER
2021-06-03 13:02:07 INFO  Assignment No=6, AdvancedScenario-1:78 - Clicked on +Add User
2021-06-03 13:02:07 INFO  Assignment No=6, AdvancedScenario-1:80 - In FirstName text field, entered as 'User1'
2021-06-03 13:02:07 INFO  Assignment No=6, AdvancedScenario-1:82 - In LastName text field, entered as 'Demo'
2021-06-03 13:02:07 INFO  Assignment No=6, AdvancedScenario-1:84 - In email text field, entered as 'user1@gmail.com'
2021-06-03 13:02:07 INFO  Assignment No=6, AdvancedScenario-1:86 - In UserName text field, entered as 'User1'
2021-06-03 13:02:07 INFO  Assignment No=6, AdvancedScenario-1:88 - In Password text field, entered as 'welcome1'
2021-06-03 13:02:07 INFO  Assignment No=6, AdvancedScenario-1:90 - In Re-type Password text field, entered as 'welcome1'
2021-06-03 13:02:12 INFO  Assignment No=6, AdvancedScenario-1:94 - Clicked on Create User button
2021-06-03 13:02:12 INFO  Assignment No=6, AdvancedScenario-1:95 - The createUser1() method has ended
2021-06-03 13:02:12 INFO  Assignment No=6, AdvancedScenario-1:96 - ------------------------------------------
2021-06-03 13:02:12 INFO  Assignment No=6, AdvancedScenario-1:107 - The createUser2() method has started
2021-06-03 13:02:14 INFO  Assignment No=6, AdvancedScenario-1:110 - Clicked on +Add User
2021-06-03 13:02:14 INFO  Assignment No=6, AdvancedScenario-1:112 - In FirstName text field, entered as 'User2'
2021-06-03 13:02:14 INFO  Assignment No=6, AdvancedScenario-1:114 - In LastName text field, entered as 'Demo'
2021-06-03 13:02:14 INFO  Assignment No=6, AdvancedScenario-1:116 - In email text field, entered as 'user2@gmail.com'
2021-06-03 13:02:14 INFO  Assignment No=6, AdvancedScenario-1:118 - In UserName text field, entered as 'User2'
2021-06-03 13:02:14 INFO  Assignment No=6, AdvancedScenario-1:120 - In Password text field, entered as 'welcome2'
2021-06-03 13:02:14 INFO  Assignment No=6, AdvancedScenario-1:122 - In Re-type Password text field, entered as 'welcome2'
2021-06-03 13:02:19 INFO  Assignment No=6, AdvancedScenario-1:126 - Clicked on Create User button
2021-06-03 13:02:19 INFO  Assignment No=6, AdvancedScenario-1:127 - The createUser2() method has ended
2021-06-03 13:02:19 INFO  Assignment No=6, AdvancedScenario-1:128 - ------------------------------------------
2021-06-03 13:02:19 INFO  Assignment No=6, AdvancedScenario-1:139 - The createUser3() method has started
2021-06-03 13:02:21 INFO  Assignment No=6, AdvancedScenario-1:143 - Clicked on +Add User
2021-06-03 13:02:21 INFO  Assignment No=6, AdvancedScenario-1:145 - In FirstName text field, entered as 'User3'
2021-06-03 13:02:21 INFO  Assignment No=6, AdvancedScenario-1:147 - In LastName text field, entered as 'Demo'
2021-06-03 13:02:21 INFO  Assignment No=6, AdvancedScenario-1:149 - In email text field, entered as 'user3@gmail.com'
2021-06-03 13:02:21 INFO  Assignment No=6, AdvancedScenario-1:151 - In UserName text field, entered as 'User3'
2021-06-03 13:02:21 INFO  Assignment No=6, AdvancedScenario-1:153 - In Password text field, entered as 'welcome3'
2021-06-03 13:02:22 INFO  Assignment No=6, AdvancedScenario-1:155 - In Re-type Password text field, entered as 'welcome3'
2021-06-03 13:02:26 INFO  Assignment No=6, AdvancedScenario-1:159 - Clicked on Create User button
2021-06-03 13:02:26 INFO  Assignment No=6, AdvancedScenario-1:160 - The createUser3() method has ended
2021-06-03 13:02:26 INFO  Assignment No=6, AdvancedScenario-1:161 - ------------------------------------------
2021-06-03 13:02:26 INFO  Assignment No=6, AdvancedScenario-1:163 - The logout() method has started
2021-06-03 13:02:28 INFO  Assignment No=6, AdvancedScenario-1:165 - The logout() method has ended
2021-06-03 13:02:28 INFO  Assignment No=6, AdvancedScenario-1:166 - ------------------------------------------
2021-06-03 13:02:28 INFO  Assignment No=6, AdvancedScenario-1:177 - The loginAsUser1() method has started
2021-06-03 13:02:37 INFO  Assignment No=6, AdvancedScenario-1:179 - The loginAsUser1() method has ended
2021-06-03 13:02:37 INFO  Assignment No=6, AdvancedScenario-1:180 - ------------------------------------------
2021-06-03 13:02:37 INFO  Assignment No=6, AdvancedScenario-1:182 - The logout() method has started
2021-06-03 13:02:39 INFO  Assignment No=6, AdvancedScenario-1:184 - The logout() method has ended
2021-06-03 13:02:39 INFO  Assignment No=6, AdvancedScenario-1:185 - ------------------------------------------
2021-06-03 13:02:39 INFO  Assignment No=6, AdvancedScenario-1:187 - The loginAsUser2() method has started
2021-06-03 13:02:47 INFO  Assignment No=6, AdvancedScenario-1:189 - The loginAsUser2() method has ended
2021-06-03 13:02:47 INFO  Assignment No=6, AdvancedScenario-1:190 - ------------------------------------------
2021-06-03 13:02:47 INFO  Assignment No=6, AdvancedScenario-1:192 - The logout() method has started
2021-06-03 13:02:50 INFO  Assignment No=6, AdvancedScenario-1:194 - The logout() method has ended
2021-06-03 13:02:50 INFO  Assignment No=6, AdvancedScenario-1:195 - ------------------------------------------
2021-06-03 13:02:50 INFO  Assignment No=6, AdvancedScenario-1:197 - The loginAsUser3() method has started
2021-06-03 13:02:58 INFO  Assignment No=6, AdvancedScenario-1:199 - The loginAsUser3() method has ended
2021-06-03 13:02:58 INFO  Assignment No=6, AdvancedScenario-1:200 - ------------------------------------------
2021-06-03 13:02:58 INFO  Assignment No=6, AdvancedScenario-1:202 - The logout() method has started
2021-06-03 13:03:00 INFO  Assignment No=6, AdvancedScenario-1:204 - The logout() method has ended
2021-06-03 13:03:00 INFO  Assignment No=6, AdvancedScenario-1:205 - ------------------------------------------
2021-06-03 13:03:00 INFO  Assignment No=6, AdvancedScenario-1:217 - The loginAsAdmin() method has started
2021-06-03 13:03:05 INFO  Assignment No=6, AdvancedScenario-1:219 - The loginAsAdmin() method has ended
2021-06-03 13:03:05 INFO  Assignment No=6, AdvancedScenario-1:220 - ------------------------------------------
2021-06-03 13:03:05 INFO  Assignment No=6, AdvancedScenario-1:222 - The deleteUser1() method has started
2021-06-03 13:03:07 INFO  Assignment No=6, AdvancedScenario-1:225 - Clicked on USER
2021-06-03 13:03:09 INFO  Assignment No=6, AdvancedScenario-1:228 - Clicked on created user i.e, User1
2021-06-03 13:03:12 INFO  Assignment No=6, AdvancedScenario-1:231 - Clicked on Delete Button
2021-06-03 13:03:12 INFO  Assignment No=6, AdvancedScenario-1:233 - Switched to popup window
2021-06-03 13:03:12 INFO  Assignment No=6, AdvancedScenario-1:237 - Accepted the message in popup window by clicking on OK button
2021-06-03 13:03:14 INFO  Assignment No=6, AdvancedScenario-1:239 - The deleteUser1() method has ended
2021-06-03 13:03:14 INFO  Assignment No=6, AdvancedScenario-1:240 - ------------------------------------------
2021-06-03 13:03:14 INFO  Assignment No=6, AdvancedScenario-1:252 - The deleteUser2() method has started
2021-06-03 13:03:17 INFO  Assignment No=6, AdvancedScenario-1:255 - Clicked on created user i.e, User2
2021-06-03 13:03:19 INFO  Assignment No=6, AdvancedScenario-1:258 - Clicked on Delete Button
2021-06-03 13:03:19 INFO  Assignment No=6, AdvancedScenario-1:260 - Switched to popup window
2021-06-03 13:03:21 INFO  Assignment No=6, AdvancedScenario-1:265 - Accepted the message in popup window by clicking on OK button
2021-06-03 13:03:21 INFO  Assignment No=6, AdvancedScenario-1:266 - The deleteUser2() method has ended
2021-06-03 13:03:21 INFO  Assignment No=6, AdvancedScenario-1:267 - ------------------------------------------
2021-06-03 13:03:21 INFO  Assignment No=6, AdvancedScenario-1:279 - The deleteUser3() method has started
2021-06-03 13:03:24 INFO  Assignment No=6, AdvancedScenario-1:282 - Clicked on created user i.e, User3
2021-06-03 13:03:26 INFO  Assignment No=6, AdvancedScenario-1:285 - Clicked on Delete Button
2021-06-03 13:03:26 INFO  Assignment No=6, AdvancedScenario-1:287 - Switched to popup window
2021-06-03 13:03:30 INFO  Assignment No=6, AdvancedScenario-1:292 - Accepted the message in popup window by clicking on OK button
2021-06-03 13:03:30 INFO  Assignment No=6, AdvancedScenario-1:293 - The deleteUser3() method has ended
2021-06-03 13:03:30 INFO  Assignment No=6, AdvancedScenario-1:294 - ------------------------------------------
2021-06-03 13:03:30 INFO  Assignment No=6, AdvancedScenario-1:296 - The logout() method has started
2021-06-03 13:03:32 INFO  Assignment No=6, AdvancedScenario-1:298 - The logout() method has ended
2021-06-03 13:03:32 INFO  Assignment No=6, AdvancedScenario-1:299 - ------------------------------------------
2021-06-03 13:03:32 INFO  Assignment No=6, AdvancedScenario-1:311 - The closeApplication() method has started
2021-06-03 13:03:32 INFO  Assignment No=6, AdvancedScenario-1:313 - Chrome browser closed successfully!!!!
2021-06-03 13:03:32 INFO  Assignment No=6, AdvancedScenario-1:314 - The closeApplication() method has ended
2021-06-03 13:03:32 INFO  Assignment No=6, AdvancedScenario-1:315 - ------------------------------------------
2021-06-03 13:40:39 INFO  Assignment No=6, AdvancedScenario-2:22 - The launchBrowser() method has started
2021-06-03 13:40:39 INFO  Assignment No=6, AdvancedScenario-2:23 - Getting default user directory path
2021-06-03 13:40:41 INFO  Assignment No=6, AdvancedScenario-2:27 - Chrome browser has launched successfully!!!!
2021-06-03 13:40:41 INFO  Assignment No=6, AdvancedScenario-2:29 - Chrome browser is maximized
2021-06-03 13:40:41 INFO  Assignment No=6, AdvancedScenario-2:30 - The launchBrowser() method has ended
2021-06-03 13:40:41 INFO  Assignment No=6, AdvancedScenario-2:31 - ------------------------------------------
2021-06-03 13:40:41 INFO  Assignment No=6, AdvancedScenario-2:43 - The navigate() method has started
2021-06-03 13:40:41 INFO  Assignment No=6, AdvancedScenario-2:44 - Navigating the URL--> 'http://localhost:81/login.do'
2021-06-03 13:40:43 INFO  Assignment No=6, AdvancedScenario-2:47 - Login page of 'actiTime' is displayed
2021-06-03 13:40:43 INFO  Assignment No=6, AdvancedScenario-2:48 - The navigate() method has ended
2021-06-03 13:40:43 INFO  Assignment No=6, AdvancedScenario-2:49 - ------------------------------------------
2021-06-03 13:40:43 INFO  Assignment No=6, AdvancedScenario-2:61 - The loginAsAdmin() method has started
2021-06-03 13:40:48 INFO  Assignment No=6, AdvancedScenario-2:63 - The loginAsAdmin() method has ended
2021-06-03 13:40:48 INFO  Assignment No=6, AdvancedScenario-2:64 - ------------------------------------------
2021-06-03 13:40:48 INFO  Assignment No=6, AdvancedScenario-2:66 - The minimizeFlyOutWindow() method has started
2021-06-03 13:40:52 INFO  Assignment No=6, AdvancedScenario-2:69 - The minimizeFlyOutWindow() method has ended
2021-06-03 13:40:52 INFO  Assignment No=6, AdvancedScenario-2:70 - ------------------------------------------
2021-06-03 13:40:52 INFO  Assignment No=6, AdvancedScenario-2:72 - The createUser1() method has started
2021-06-03 13:40:55 INFO  Assignment No=6, AdvancedScenario-2:75 - Clicked on USER
2021-06-03 13:40:57 INFO  Assignment No=6, AdvancedScenario-2:78 - Clicked on +Add User
2021-06-03 13:40:57 INFO  Assignment No=6, AdvancedScenario-2:80 - In FirstName text field, entered as 'User1'
2021-06-03 13:40:58 INFO  Assignment No=6, AdvancedScenario-2:82 - In LastName text field, entered as 'Demo'
2021-06-03 13:40:58 INFO  Assignment No=6, AdvancedScenario-2:84 - In email text field, entered as 'user1@gmail.com'
2021-06-03 13:40:58 INFO  Assignment No=6, AdvancedScenario-2:86 - In UserName text field, entered as 'User1'
2021-06-03 13:40:58 INFO  Assignment No=6, AdvancedScenario-2:88 - In Password text field, entered as 'welcome1'
2021-06-03 13:40:58 INFO  Assignment No=6, AdvancedScenario-2:90 - In Re-type Password text field, entered as 'welcome1'
2021-06-03 13:41:02 INFO  Assignment No=6, AdvancedScenario-2:94 - Clicked on Create User button
2021-06-03 13:41:02 INFO  Assignment No=6, AdvancedScenario-2:95 - The createUser1() method has ended
2021-06-03 13:41:02 INFO  Assignment No=6, AdvancedScenario-2:96 - ------------------------------------------
2021-06-03 13:41:02 INFO  Assignment No=6, AdvancedScenario-2:98 - The logout() method has started
2021-06-03 13:41:05 INFO  Assignment No=6, AdvancedScenario-2:100 - The logout() method has ended
2021-06-03 13:41:05 INFO  Assignment No=6, AdvancedScenario-2:101 - ------------------------------------------
2021-06-03 13:41:05 INFO  Assignment No=6, AdvancedScenario-2:114 - The loginAsUser1() method has started
2021-06-03 13:41:13 INFO  Assignment No=6, AdvancedScenario-2:116 - The loginAsUser1() method has ended
2021-06-03 13:41:13 INFO  Assignment No=6, AdvancedScenario-2:117 - ------------------------------------------
2021-06-03 13:41:13 INFO  Assignment No=6, AdvancedScenario-2:119 - The createUser2() method has started
2021-06-03 13:41:15 INFO  Assignment No=6, AdvancedScenario-2:122 - Clicked on USER
2021-06-03 13:41:18 INFO  Assignment No=6, AdvancedScenario-2:125 - Clicked on +Add User button
2021-06-03 13:41:18 INFO  Assignment No=6, AdvancedScenario-2:127 - In FirstName text field, entered as 'User2'
2021-06-03 13:41:18 INFO  Assignment No=6, AdvancedScenario-2:129 - In LastName text field, entered as 'Demo'
2021-06-03 13:41:18 INFO  Assignment No=6, AdvancedScenario-2:131 - In email text field, entered as 'user2@gmail.com'
2021-06-03 13:41:18 INFO  Assignment No=6, AdvancedScenario-2:133 - In UserName text field, entered as 'User2'
2021-06-03 13:41:18 INFO  Assignment No=6, AdvancedScenario-2:135 - In Password text field, entered as 'welcome2'
2021-06-03 13:41:18 INFO  Assignment No=6, AdvancedScenario-2:137 - In Re-type Password text field, entered as 'welcome2'
2021-06-03 13:41:23 INFO  Assignment No=6, AdvancedScenario-2:141 - Clicked on Create User button
2021-06-03 13:41:23 INFO  Assignment No=6, AdvancedScenario-2:142 - The createUser2() method has ended
2021-06-03 13:41:23 INFO  Assignment No=6, AdvancedScenario-2:143 - ------------------------------------------
2021-06-03 13:41:23 INFO  Assignment No=6, AdvancedScenario-2:145 - The logout() method has started
2021-06-03 13:41:25 INFO  Assignment No=6, AdvancedScenario-2:147 - The logout() method has ended
2021-06-03 13:41:25 INFO  Assignment No=6, AdvancedScenario-2:148 - ------------------------------------------
2021-06-03 13:41:25 INFO  Assignment No=6, AdvancedScenario-2:159 - The loginAsUser2() method has started
2021-06-03 13:41:33 INFO  Assignment No=6, AdvancedScenario-2:161 - The loginAsUser2() method has ended
2021-06-03 13:41:33 INFO  Assignment No=6, AdvancedScenario-2:162 - ------------------------------------------
2021-06-03 13:41:36 INFO  Assignment No=6, AdvancedScenario-2:166 - Clicked on USER
2021-06-03 13:41:38 INFO  Assignment No=6, AdvancedScenario-2:169 - Clicked on +Add User
2021-06-03 13:41:38 INFO  Assignment No=6, AdvancedScenario-2:171 - In FirstName text field, entered as 'User3'
2021-06-03 13:41:38 INFO  Assignment No=6, AdvancedScenario-2:173 - In LastName text field, entered as 'Demo'
2021-06-03 13:41:38 INFO  Assignment No=6, AdvancedScenario-2:175 - In email text field, entered as 'user3@gmail.com'
2021-06-03 13:41:38 INFO  Assignment No=6, AdvancedScenario-2:177 - In UserName text field, entered as 'User3'
2021-06-03 13:41:38 INFO  Assignment No=6, AdvancedScenario-2:179 - In Password text field, entered as 'welcome3'
2021-06-03 13:41:39 INFO  Assignment No=6, AdvancedScenario-2:181 - In Re-type Password text field, entered as 'welcome3'
2021-06-03 13:41:43 INFO  Assignment No=6, AdvancedScenario-2:185 - Clicked on Create User button
2021-06-03 13:41:43 INFO  Assignment No=6, AdvancedScenario-2:186 - The createUser3() method has ended
2021-06-03 13:41:43 INFO  Assignment No=6, AdvancedScenario-2:187 - ------------------------------------------
2021-06-03 13:41:43 INFO  Assignment No=6, AdvancedScenario-2:189 - The logout() method has started
2021-06-03 13:41:45 INFO  Assignment No=6, AdvancedScenario-2:191 - The logout() method has ended
2021-06-03 13:41:45 INFO  Assignment No=6, AdvancedScenario-2:192 - ------------------------------------------
2021-06-03 13:41:45 INFO  Assignment No=6, AdvancedScenario-2:204 - The loginAsAdmin() method has started
2021-06-03 13:41:49 INFO  Assignment No=6, AdvancedScenario-2:206 - The loginAsAdmin() method has ended
2021-06-03 13:41:49 INFO  Assignment No=6, AdvancedScenario-2:207 - ------------------------------------------
2021-06-03 13:41:49 INFO  Assignment No=6, AdvancedScenario-2:209 - The modifyUser1() method has started
2021-06-03 13:41:52 INFO  Assignment No=6, AdvancedScenario-2:212 - Clicked on USER
2021-06-03 13:41:54 INFO  Assignment No=6, AdvancedScenario-2:215 - Clicked on User1
2021-06-03 13:41:54 INFO  Assignment No=6, AdvancedScenario-2:217 - In FirstName text field, entered FirstName as 'new'
2021-06-03 13:41:54 INFO  Assignment No=6, AdvancedScenario-2:219 - In LastName text field, entered LastName as 'new'
2021-06-03 13:41:54 INFO  Assignment No=6, AdvancedScenario-2:221 - In email text field, clearing the email id
2021-06-03 13:41:54 INFO  Assignment No=6, AdvancedScenario-2:223 - In email text field, entered email as 'user1new@gmail.com'
2021-06-03 13:41:54 INFO  Assignment No=6, AdvancedScenario-2:225 - In Password text field, entered Password as 'welcome1new'
2021-06-03 13:41:55 INFO  Assignment No=6, AdvancedScenario-2:227 - In Retype Password text field, entered Password as 'welcome1new'
2021-06-03 13:41:59 INFO  Assignment No=6, AdvancedScenario-2:231 - Clicked on Save Changes Button
2021-06-03 13:41:59 INFO  Assignment No=6, AdvancedScenario-2:232 - The modifyUser1() method has ended
2021-06-03 13:41:59 INFO  Assignment No=6, AdvancedScenario-2:233 - ------------------------------------------
2021-06-03 13:41:59 INFO  Assignment No=6, AdvancedScenario-2:235 - The logout() method has started
2021-06-03 13:42:01 INFO  Assignment No=6, AdvancedScenario-2:237 - The logout() method has ended
2021-06-03 13:42:01 INFO  Assignment No=6, AdvancedScenario-2:238 - ------------------------------------------
2021-06-03 13:42:01 INFO  Assignment No=6, AdvancedScenario-2:250 - The loginAsUpdatedUser1() method has started
2021-06-03 13:42:07 INFO  Assignment No=6, AdvancedScenario-2:252 - The loginAsUpdatedUser1() method has ended
2021-06-03 13:42:07 INFO  Assignment No=6, AdvancedScenario-2:253 - ------------------------------------------
2021-06-03 13:42:07 INFO  Assignment No=6, AdvancedScenario-2:255 - The modifyUser2() method has started
2021-06-03 13:42:10 INFO  Assignment No=6, AdvancedScenario-2:258 - Clicked on USER
2021-06-03 13:42:12 INFO  Assignment No=6, AdvancedScenario-2:261 - Clicked on User2
2021-06-03 13:42:12 INFO  Assignment No=6, AdvancedScenario-2:262 - Clicked on +Add User button
2021-06-03 13:42:12 INFO  Assignment No=6, AdvancedScenario-2:264 - In FirstName text field, entered as 'User2'
2021-06-03 13:42:12 INFO  Assignment No=6, AdvancedScenario-2:266 - In LastName text field, entered as 'Demo'
2021-06-03 13:42:12 INFO  Assignment No=6, AdvancedScenario-2:268 - In email text field, entered as 'user2@gmail.com'
2021-06-03 13:42:13 INFO  Assignment No=6, AdvancedScenario-2:270 - In UserName text field, entered as 'User2'
2021-06-03 13:42:13 INFO  Assignment No=6, AdvancedScenario-2:272 - In Password text field, entered as 'welcome2'
2021-06-03 13:42:13 INFO  Assignment No=6, AdvancedScenario-2:274 - In Re-type Password text field, entered as 'welcome2'
2021-06-03 13:42:17 INFO  Assignment No=6, AdvancedScenario-2:278 - Clicked on Save Changes Button
2021-06-03 13:42:17 INFO  Assignment No=6, AdvancedScenario-2:279 - The modifyUser2() method has ended
2021-06-03 13:42:17 INFO  Assignment No=6, AdvancedScenario-2:280 - ------------------------------------------
2021-06-03 13:42:17 INFO  Assignment No=6, AdvancedScenario-2:282 - The logout() method has started
2021-06-03 13:42:18 INFO  Assignment No=6, AdvancedScenario-2:284 - The logout() method has ended
2021-06-03 13:42:18 INFO  Assignment No=6, AdvancedScenario-2:285 - ------------------------------------------
2021-06-03 13:42:18 INFO  Assignment No=6, AdvancedScenario-2:297 - The loginAsUpdatedUser2() method has started
2021-06-03 13:42:18 INFO  Assignment No=6, AdvancedScenario-2:299 - The loginAsUpdatedUser2() method has ended
2021-06-03 13:42:18 INFO  Assignment No=6, AdvancedScenario-2:300 - ------------------------------------------
2021-06-03 13:42:18 INFO  Assignment No=6, AdvancedScenario-2:302 - The modifyUser3() method has started
2021-06-03 13:42:19 INFO  Assignment No=6, AdvancedScenario-2:344 - The loginAsUpdatedUser2() method has started
2021-06-03 13:42:19 INFO  Assignment No=6, AdvancedScenario-2:346 - The loginAsUpdatedUser2() method has ended
2021-06-03 13:42:19 INFO  Assignment No=6, AdvancedScenario-2:347 - ------------------------------------------
2021-06-03 13:42:19 INFO  Assignment No=6, AdvancedScenario-2:349 - The deleteUser3() method has started
2021-06-03 13:42:20 INFO  Assignment No=6, AdvancedScenario-2:384 - The loginAsUpdatedUser1() method has started
2021-06-03 13:42:20 INFO  Assignment No=6, AdvancedScenario-2:386 - The loginAsUpdatedUser1() method has ended
2021-06-03 13:42:20 INFO  Assignment No=6, AdvancedScenario-2:387 - ------------------------------------------
2021-06-03 13:42:20 INFO  Assignment No=6, AdvancedScenario-2:389 - The deleteUser2() method has started
2021-06-03 13:42:22 INFO  Assignment No=6, AdvancedScenario-2:424 - The loginAsAdmin() method has started
2021-06-03 13:42:22 INFO  Assignment No=6, AdvancedScenario-2:426 - The loginAsAdmin() method has ended
2021-06-03 13:42:22 INFO  Assignment No=6, AdvancedScenario-2:427 - ------------------------------------------
2021-06-03 13:42:22 INFO  Assignment No=6, AdvancedScenario-2:429 - The deleteUser1() method has started
2021-06-03 13:42:23 INFO  Assignment No=6, AdvancedScenario-2:464 - The closeApplication() method has started
2021-06-03 13:42:23 INFO  Assignment No=6, AdvancedScenario-2:466 - Chrome browser closed successfully!!!!
2021-06-03 13:42:23 INFO  Assignment No=6, AdvancedScenario-2:467 - The closeApplication() method has ended
2021-06-03 13:42:23 INFO  Assignment No=6, AdvancedScenario-2:468 - ------------------------------------------
