2021-06-16 19:39:32 INFO  .:69 - The execution of method loadFiles started here ...
2021-06-16 19:39:32 INFO  .:84 - The execution of method loadFiles ended here ...
2021-06-16 19:39:36 INFO  .:86 - The execution of method navigate started here ...
2021-06-16 19:39:43 INFO  .:98 - The execution of method navigate ended here ...
2021-06-16 19:39:43 INFO  .:166 - In Test Scenario Login the method navigate execution status is :Pass
2021-06-16 19:39:43 INFO  .:32 - The execution of method login started here ...
2021-06-16 19:39:48 INFO  .:50 - The execution of method login ended here ...
2021-06-16 19:39:48 INFO  .:166 - In Test Scenario Login the method login execution status is :Pass
2021-06-16 19:39:50 INFO  .:166 - In Test Scenario Login the method minimizeFlyOutWindow execution status is :Pass
2021-06-16 19:39:51 INFO  .:76 - The execution of method logout started here ...
2021-06-16 19:39:55 INFO  .:88 - The execution of method logout ended here ...
2021-06-16 19:39:55 INFO  .:166 - In Test Scenario Login the method logout execution status is :Pass
2021-06-16 19:39:55 INFO  .:121 - The execution of method closeApplication started here ...
2021-06-16 19:39:55 INFO  .:124 - The execution of method closeApplication ended here ...
2021-06-16 19:39:55 INFO  .:166 - In Test Scenario Login the method closeApplication execution status is :Pass
2021-06-16 19:39:55 INFO  .:180 - +++++++++++++++++++++++++++++++
2021-06-16 19:39:57 INFO  .:86 - The execution of method navigate started here ...
2021-06-16 19:40:04 INFO  .:98 - The execution of method navigate ended here ...
2021-06-16 19:40:04 INFO  .:166 - In Test Scenario CreateUser the method navigate execution status is :Pass
2021-06-16 19:40:04 INFO  .:32 - The execution of method login started here ...
2021-06-16 19:40:10 INFO  .:50 - The execution of method login ended here ...
2021-06-16 19:40:10 INFO  .:166 - In Test Scenario CreateUser the method login execution status is :Pass
2021-06-16 19:40:12 INFO  .:166 - In Test Scenario CreateUser the method minimizeFlyOutWindow execution status is :Pass
2021-06-16 19:40:12 INFO  .:32 - The execution of method createUser started here ...
2021-06-16 19:40:28 INFO  .:60 - The execution of method createUser ended here ...
2021-06-16 19:40:28 INFO  .:166 - In Test Scenario CreateUser the method createUser execution status is :Pass
2021-06-16 19:40:28 INFO  .:131 - The execution of method deleteUser started here ...
2021-06-16 19:40:37 INFO  .:147 - The execution of method deleteUser ended here ...
2021-06-16 19:40:37 INFO  .:166 - In Test Scenario CreateUser the method deleteUser execution status is :Pass
2021-06-16 19:40:37 INFO  .:76 - The execution of method logout started here ...
2021-06-16 19:40:41 INFO  .:88 - The execution of method logout ended here ...
2021-06-16 19:40:41 INFO  .:166 - In Test Scenario CreateUser the method logout execution status is :Pass
2021-06-16 19:40:42 INFO  .:121 - The execution of method closeApplication started here ...
2021-06-16 19:40:42 INFO  .:124 - The execution of method closeApplication ended here ...
2021-06-16 19:40:42 INFO  .:166 - In Test Scenario CreateUser the method closeApplication execution status is :Pass
2021-06-16 19:40:42 INFO  .:180 - +++++++++++++++++++++++++++++++
2021-06-16 19:40:43 INFO  .:86 - The execution of method navigate started here ...
2021-06-16 19:40:51 INFO  .:98 - The execution of method navigate ended here ...
2021-06-16 19:40:51 INFO  .:166 - In Test Scenario ModifyUser the method navigate execution status is :Pass
2021-06-16 19:40:51 INFO  .:32 - The execution of method login started here ...
2021-06-16 19:40:57 INFO  .:50 - The execution of method login ended here ...
2021-06-16 19:40:57 INFO  .:166 - In Test Scenario ModifyUser the method login execution status is :Pass
2021-06-16 19:40:59 INFO  .:166 - In Test Scenario ModifyUser the method minimizeFlyOutWindow execution status is :Pass
2021-06-16 19:40:59 INFO  .:32 - The execution of method createUser started here ...
2021-06-16 19:41:10 INFO  .:60 - The execution of method createUser ended here ...
2021-06-16 19:41:10 INFO  .:166 - In Test Scenario ModifyUser the method createUser execution status is :Pass
2021-06-16 19:41:10 INFO  .:86 - The execution of method modifyUser started here ...
2021-06-16 19:41:19 INFO  .:106 - The execution of method modifyUser ended here ...
2021-06-16 19:41:19 INFO  .:166 - In Test Scenario ModifyUser the method modifyUser execution status is :Fail
2021-06-16 19:41:19 INFO  .:131 - The execution of method deleteUser started here ...
2021-06-16 19:41:29 INFO  .:147 - The execution of method deleteUser ended here ...
2021-06-16 19:41:29 INFO  .:166 - In Test Scenario ModifyUser the method deleteUser execution status is :Pass
2021-06-16 19:41:29 INFO  .:76 - The execution of method logout started here ...
2021-06-16 19:41:33 INFO  .:88 - The execution of method logout ended here ...
2021-06-16 19:41:33 INFO  .:166 - In Test Scenario ModifyUser the method logout execution status is :Pass
2021-06-16 19:41:33 INFO  .:121 - The execution of method closeApplication started here ...
2021-06-16 19:41:33 INFO  .:124 - The execution of method closeApplication ended here ...
2021-06-16 19:41:33 INFO  .:166 - In Test Scenario ModifyUser the method closeApplication execution status is :Pass
2021-06-16 19:41:33 INFO  .:180 - +++++++++++++++++++++++++++++++
2021-06-16 19:41:33 INFO  .:180 - +++++++++++++++++++++++++++++++
2021-06-16 19:41:33 INFO  .:180 - +++++++++++++++++++++++++++++++
2021-06-16 19:41:33 INFO  .:180 - +++++++++++++++++++++++++++++++
2021-06-16 19:41:33 INFO  .:180 - +++++++++++++++++++++++++++++++
2021-06-16 19:41:33 INFO  .:183 - The execution of method executeTestScenarios ended here ...
2021-06-16 19:41:33 INFO  .:205 - The execution of method endAutomationSuite ended here ...
2021-06-16 19:41:33 INFO  .:208 - The execution of method endAutomationSuite ended here ...
